0 info it worked if it ends with ok
1 verbose cli [ 'node', '/usr/local/bin/npm', 'install', '-g', 'nodemon' ]
2 info using npm@1.2.15
3 info using node@v0.10.2
4 verbose read json /usr/local/lib/package.json
5 verbose read json /usr/local/lib/package.json
6 verbose cache add [ 'nodemon', null ]
7 verbose cache add name=undefined spec="nodemon" args=["nodemon",null]
8 verbose parsed url { protocol: null,
8 verbose parsed url   slashes: null,
8 verbose parsed url   auth: null,
8 verbose parsed url   host: null,
8 verbose parsed url   port: null,
8 verbose parsed url   hostname: null,
8 verbose parsed url   hash: null,
8 verbose parsed url   search: null,
8 verbose parsed url   query: null,
8 verbose parsed url   pathname: 'nodemon',
8 verbose parsed url   path: 'nodemon',
8 verbose parsed url   href: 'nodemon' }
9 silly lockFile 1625b929-nodemon nodemon
10 verbose lock nodemon /Users/edWAR6/.npm/1625b929-nodemon.lock
11 silly lockFile 1625b929-nodemon nodemon
12 silly lockFile 1625b929-nodemon nodemon
13 verbose addNamed [ 'nodemon', '' ]
14 verbose addNamed [ null, '' ]
15 silly lockFile 4f5e51c6-nodemon nodemon@
16 verbose lock nodemon@ /Users/edWAR6/.npm/4f5e51c6-nodemon.lock
17 silly addNameRange { name: 'nodemon', range: '', hasData: false }
18 verbose url raw nodemon
19 verbose url resolving [ 'https://registry.npmjs.org/', './nodemon' ]
20 verbose url resolved https://registry.npmjs.org/nodemon
21 info trying registry request attempt 1 at 11:53:52
22 http GET https://registry.npmjs.org/nodemon
23 http 200 https://registry.npmjs.org/nodemon
24 silly registry.get cb [ 200,
24 silly registry.get   { vary: 'Accept',
24 silly registry.get     server: 'CouchDB/1.2.1 (Erlang OTP/R15B03)',
24 silly registry.get     etag: '"47B1ANW8DOJ8142RPGWK6WN09"',
24 silly registry.get     date: 'Wed, 10 Apr 2013 17:53:53 GMT',
24 silly registry.get     'content-type': 'application/json',
24 silly registry.get     'content-length': '267261' } ]
25 silly addNameRange number 2 { name: 'nodemon', range: '', hasData: true }
26 silly addNameRange versions [ 'nodemon',
26 silly addNameRange   [ '0.1.4',
26 silly addNameRange     '0.1.5',
26 silly addNameRange     '0.1.6',
26 silly addNameRange     '0.1.7',
26 silly addNameRange     '0.1.8',
26 silly addNameRange     '0.2.0',
26 silly addNameRange     '0.2.1',
26 silly addNameRange     '0.2.2',
26 silly addNameRange     '0.3.0',
26 silly addNameRange     '0.3.1',
26 silly addNameRange     '0.3.2',
26 silly addNameRange     '0.4.0',
26 silly addNameRange     '0.4.1',
26 silly addNameRange     '0.5.0',
26 silly addNameRange     '0.5.1',
26 silly addNameRange     '0.5.2',
26 silly addNameRange     '0.5.3',
26 silly addNameRange     '0.5.4',
26 silly addNameRange     '0.5.5',
26 silly addNameRange     '0.5.6',
26 silly addNameRange     '0.5.7',
26 silly addNameRange     '0.6.0',
26 silly addNameRange     '0.6.1',
26 silly addNameRange     '0.6.2',
26 silly addNameRange     '0.6.3',
26 silly addNameRange     '0.6.4',
26 silly addNameRange     '0.6.5',
26 silly addNameRange     '0.6.6',
26 silly addNameRange     '0.6.7',
26 silly addNameRange     '0.6.8',
26 silly addNameRange     '0.6.9',
26 silly addNameRange     '0.6.10',
26 silly addNameRange     '0.6.10a',
26 silly addNameRange     '0.6.11',
26 silly addNameRange     '0.6.12',
26 silly addNameRange     '0.6.13',
26 silly addNameRange     '0.6.14',
26 silly addNameRange     '0.6.15',
26 silly addNameRange     '0.6.16',
26 silly addNameRange     '0.6.17',
26 silly addNameRange     '0.6.18',
26 silly addNameRange     '0.6.19',
26 silly addNameRange     '0.6.20',
26 silly addNameRange     '0.6.21',
26 silly addNameRange     '0.6.22',
26 silly addNameRange     '0.6.23',
26 silly addNameRange     '0.7.0',
26 silly addNameRange     '0.7.1',
26 silly addNameRange     '0.7.2',
26 silly addNameRange     '0.7.3',
26 silly addNameRange     '0.7.4',
26 silly addNameRange     '0.7.5',
26 silly addNameRange     '0.7.6' ] ]
27 verbose addNamed [ 'nodemon', '0.7.6' ]
28 verbose addNamed [ '0.7.6', '0.7.6' ]
29 silly lockFile 44bdb9d0-nodemon-0-7-6 nodemon@0.7.6
30 verbose lock nodemon@0.7.6 /Users/edWAR6/.npm/44bdb9d0-nodemon-0-7-6.lock
31 silly lockFile e4b60e85-js-org-nodemon-nodemon-0-7-6-tgz https://registry.npmjs.org/nodemon/-/nodemon-0.7.6.tgz
32 verbose lock https://registry.npmjs.org/nodemon/-/nodemon-0.7.6.tgz /Users/edWAR6/.npm/e4b60e85-js-org-nodemon-nodemon-0-7-6-tgz.lock
33 verbose addRemoteTarball [ 'https://registry.npmjs.org/nodemon/-/nodemon-0.7.6.tgz',
33 verbose addRemoteTarball   'ae61bf93c129573e3a6870550f46e04fb0783f5a' ]
34 info retry fetch attempt 1 at 11:53:54
35 verbose fetch to= /var/folders/8_/gvkdmd_j2xz2tbyczd0520yh0000gq/T/npm-1275/1365616434798-0.9403339999262244/tmp.tgz
36 http GET https://registry.npmjs.org/nodemon/-/nodemon-0.7.6.tgz
37 http 200 https://registry.npmjs.org/nodemon/-/nodemon-0.7.6.tgz
38 silly shasum updated bytes 12253
39 info shasum ae61bf93c129573e3a6870550f46e04fb0783f5a
39 info shasum /var/folders/8_/gvkdmd_j2xz2tbyczd0520yh0000gq/T/npm-1275/1365616434798-0.9403339999262244/tmp.tgz
40 verbose tar unpack /var/folders/8_/gvkdmd_j2xz2tbyczd0520yh0000gq/T/npm-1275/1365616434798-0.9403339999262244/tmp.tgz
41 silly lockFile 72030eac-34798-0-9403339999262244-package /var/folders/8_/gvkdmd_j2xz2tbyczd0520yh0000gq/T/npm-1275/1365616434798-0.9403339999262244/package
42 verbose lock /var/folders/8_/gvkdmd_j2xz2tbyczd0520yh0000gq/T/npm-1275/1365616434798-0.9403339999262244/package /Users/edWAR6/.npm/72030eac-34798-0-9403339999262244-package.lock
43 silly lockFile 5f556e85-34798-0-9403339999262244-tmp-tgz /var/folders/8_/gvkdmd_j2xz2tbyczd0520yh0000gq/T/npm-1275/1365616434798-0.9403339999262244/tmp.tgz
44 verbose lock /var/folders/8_/gvkdmd_j2xz2tbyczd0520yh0000gq/T/npm-1275/1365616434798-0.9403339999262244/tmp.tgz /Users/edWAR6/.npm/5f556e85-34798-0-9403339999262244-tmp-tgz.lock
45 silly gunzTarPerm modes [ '755', '644' ]
46 silly gunzTarPerm extractEntry package.json
47 silly gunzTarPerm extractEntry .npmignore
48 silly gunzTarPerm extractEntry README.md
49 silly gunzTarPerm extractEntry nodemon.js
50 silly gunzTarPerm extractEntry faq.md
51 silly gunzTarPerm extractEntry nodemonignore.example
52 verbose read json /var/folders/8_/gvkdmd_j2xz2tbyczd0520yh0000gq/T/npm-1275/1365616434798-0.9403339999262244/package/package.json
53 silly lockFile 72030eac-34798-0-9403339999262244-package /var/folders/8_/gvkdmd_j2xz2tbyczd0520yh0000gq/T/npm-1275/1365616434798-0.9403339999262244/package
54 silly lockFile 72030eac-34798-0-9403339999262244-package /var/folders/8_/gvkdmd_j2xz2tbyczd0520yh0000gq/T/npm-1275/1365616434798-0.9403339999262244/package
55 silly lockFile 5f556e85-34798-0-9403339999262244-tmp-tgz /var/folders/8_/gvkdmd_j2xz2tbyczd0520yh0000gq/T/npm-1275/1365616434798-0.9403339999262244/tmp.tgz
56 silly lockFile 5f556e85-34798-0-9403339999262244-tmp-tgz /var/folders/8_/gvkdmd_j2xz2tbyczd0520yh0000gq/T/npm-1275/1365616434798-0.9403339999262244/tmp.tgz
57 verbose from cache /var/folders/8_/gvkdmd_j2xz2tbyczd0520yh0000gq/T/npm-1275/1365616434798-0.9403339999262244/package/package.json
58 verbose tar pack [ '/Users/edWAR6/.npm/nodemon/0.7.6/package.tgz',
58 verbose tar pack   '/var/folders/8_/gvkdmd_j2xz2tbyczd0520yh0000gq/T/npm-1275/1365616434798-0.9403339999262244/package' ]
59 verbose tarball /Users/edWAR6/.npm/nodemon/0.7.6/package.tgz
60 verbose folder /var/folders/8_/gvkdmd_j2xz2tbyczd0520yh0000gq/T/npm-1275/1365616434798-0.9403339999262244/package
61 silly lockFile 72030eac-34798-0-9403339999262244-package /var/folders/8_/gvkdmd_j2xz2tbyczd0520yh0000gq/T/npm-1275/1365616434798-0.9403339999262244/package
62 verbose lock /var/folders/8_/gvkdmd_j2xz2tbyczd0520yh0000gq/T/npm-1275/1365616434798-0.9403339999262244/package /Users/edWAR6/.npm/72030eac-34798-0-9403339999262244-package.lock
63 silly lockFile f0dcbee0-R6-npm-nodemon-0-7-6-package-tgz /Users/edWAR6/.npm/nodemon/0.7.6/package.tgz
64 verbose lock /Users/edWAR6/.npm/nodemon/0.7.6/package.tgz /Users/edWAR6/.npm/f0dcbee0-R6-npm-nodemon-0-7-6-package-tgz.lock
65 silly lockFile 72030eac-34798-0-9403339999262244-package /var/folders/8_/gvkdmd_j2xz2tbyczd0520yh0000gq/T/npm-1275/1365616434798-0.9403339999262244/package
66 silly lockFile 72030eac-34798-0-9403339999262244-package /var/folders/8_/gvkdmd_j2xz2tbyczd0520yh0000gq/T/npm-1275/1365616434798-0.9403339999262244/package
67 silly lockFile f0dcbee0-R6-npm-nodemon-0-7-6-package-tgz /Users/edWAR6/.npm/nodemon/0.7.6/package.tgz
68 silly lockFile f0dcbee0-R6-npm-nodemon-0-7-6-package-tgz /Users/edWAR6/.npm/nodemon/0.7.6/package.tgz
69 silly lockFile 3e440eea-edWAR6-npm-nodemon-0-7-6-package /Users/edWAR6/.npm/nodemon/0.7.6/package
70 verbose lock /Users/edWAR6/.npm/nodemon/0.7.6/package /Users/edWAR6/.npm/3e440eea-edWAR6-npm-nodemon-0-7-6-package.lock
71 silly lockFile 3e440eea-edWAR6-npm-nodemon-0-7-6-package /Users/edWAR6/.npm/nodemon/0.7.6/package
72 silly lockFile 3e440eea-edWAR6-npm-nodemon-0-7-6-package /Users/edWAR6/.npm/nodemon/0.7.6/package
73 verbose tar unpack /Users/edWAR6/.npm/nodemon/0.7.6/package.tgz
74 silly lockFile 3e440eea-edWAR6-npm-nodemon-0-7-6-package /Users/edWAR6/.npm/nodemon/0.7.6/package
75 verbose lock /Users/edWAR6/.npm/nodemon/0.7.6/package /Users/edWAR6/.npm/3e440eea-edWAR6-npm-nodemon-0-7-6-package.lock
76 silly lockFile f0dcbee0-R6-npm-nodemon-0-7-6-package-tgz /Users/edWAR6/.npm/nodemon/0.7.6/package.tgz
77 verbose lock /Users/edWAR6/.npm/nodemon/0.7.6/package.tgz /Users/edWAR6/.npm/f0dcbee0-R6-npm-nodemon-0-7-6-package-tgz.lock
78 silly gunzTarPerm modes [ '755', '644' ]
79 silly gunzTarPerm extractEntry package.json
80 silly gunzTarPerm extractEntry .npmignore
81 silly gunzTarPerm extractEntry README.md
82 silly gunzTarPerm extractEntry nodemon.js
83 silly gunzTarPerm extractEntry faq.md
84 silly gunzTarPerm extractEntry nodemonignore.example
85 verbose read json /Users/edWAR6/.npm/nodemon/0.7.6/package/package.json
86 silly lockFile 3e440eea-edWAR6-npm-nodemon-0-7-6-package /Users/edWAR6/.npm/nodemon/0.7.6/package
87 silly lockFile 3e440eea-edWAR6-npm-nodemon-0-7-6-package /Users/edWAR6/.npm/nodemon/0.7.6/package
88 silly lockFile f0dcbee0-R6-npm-nodemon-0-7-6-package-tgz /Users/edWAR6/.npm/nodemon/0.7.6/package.tgz
89 silly lockFile f0dcbee0-R6-npm-nodemon-0-7-6-package-tgz /Users/edWAR6/.npm/nodemon/0.7.6/package.tgz
90 silly shasum updated bytes 12254
91 info shasum 89c05f2b32cf418f1e4e6b1e84614087af8ae79f
91 info shasum /Users/edWAR6/.npm/nodemon/0.7.6/package.tgz
92 verbose from cache /Users/edWAR6/.npm/nodemon/0.7.6/package/package.json
93 verbose chmod /Users/edWAR6/.npm/nodemon/0.7.6/package.tgz 644
94 verbose chown /Users/edWAR6/.npm/nodemon/0.7.6/package.tgz [ 503, 20 ]
95 silly lockFile e4b60e85-js-org-nodemon-nodemon-0-7-6-tgz https://registry.npmjs.org/nodemon/-/nodemon-0.7.6.tgz
96 silly lockFile e4b60e85-js-org-nodemon-nodemon-0-7-6-tgz https://registry.npmjs.org/nodemon/-/nodemon-0.7.6.tgz
97 silly lockFile 44bdb9d0-nodemon-0-7-6 nodemon@0.7.6
98 silly lockFile 44bdb9d0-nodemon-0-7-6 nodemon@0.7.6
99 silly lockFile 4f5e51c6-nodemon nodemon@
100 silly lockFile 4f5e51c6-nodemon nodemon@
101 silly resolved [ { name: 'nodemon',
101 silly resolved     homepage: 'http://github.com/remy/nodemon',
101 silly resolved     author: { name: 'Remy Sharp', url: 'http://github.com/remy' },
101 silly resolved     bin: { nodemon: './nodemon.js' },
101 silly resolved     repository: { type: 'git', url: 'http://github.com/remy/nodemon.git' },
101 silly resolved     description: 'Simple monitor script for use during development of a node.js app.',
101 silly resolved     keywords:
101 silly resolved      [ 'monitor',
101 silly resolved        'development',
101 silly resolved        'restart',
101 silly resolved        'autoload',
101 silly resolved        'reload',
101 silly resolved        'terminal' ],
101 silly resolved     version: '0.7.6',
101 silly resolved     preferGlobal: 'true',
101 silly resolved     licenses: [ [Object] ],
101 silly resolved     main: './nodemon',
101 silly resolved     readme: '# nodemon\n\nFor use during development of a node.js based application. \n\nnodemon will watch the files in the directory that nodemon was started, and if they change, it will automatically restart your node application.\n\nnodemon does **not** require *any* changes to your code or method of development. nodemon simply wraps your node application and keeps an eye on any files that have changed. Remember that nodemon is a replacement wrapper for `node`, think of it as replacing the word "node" on the command line when you run your script.\n\n# Installation\n\nEither through forking or by using [npm](http://npmjs.org) (the recommended way):\n\n    npm install nodemon -g\n    \nAnd nodemon will be installed in to your bin path. Note that as of npm v1, you must explicitly tell npm to install globally as nodemon is a command line utility.\n\n# Usage\n\nnodemon wraps your application, so you can pass all the arguments you would normally pass to your app:\n\n    nodemon [your node app]\n\nFor example, if my application accepted a host and port as the arguments, I would start it as so:\n\n    nodemon ./server.js localhost 8080\n\nAny output from this script is prefixed with `[nodemon]`, otherwise all output from your application, errors included, will be echoed out as expected.\n\nnodemon also supports running and monitoring [coffee-script](http://jashkenas.github.com/coffee-script/) apps:\n\n    nodemon server.coffee\n\nIf no script is given, nodemon will test for a `package.json` file and if found, will run the file associated with the *main* property ([ref](https://github.com/remy/nodemon/issues/14)).\n\nYou can also pass the debug flag to node through the command line as you would normally:\n\n    nodemon --debug ./server.js 80\n\nIf you have a `package.json` file for your app, you can omit the main script entirely and nodemon will read the `package.json` for the `main` property and use that value as the app.\n\n# Automatic re-running\n\nnodemon was original written to restart hanging processes such as web servers, but now supports apps that cleanly exit. If your script exits cleanly, nodemon will continue to monitor the directory (or directories) and restart the script if there are any changes.\n\n# Running non-node scripts\n\nnodemon can also be used to execute and monitor other programs. nodemon will read the file extension of the script being run and monitor that extension instead of .js if there\'s no .nodemonignore:\n\n    nodemon --exec "python -v" ./app.py\n\nNow nodemon will run `app.py` with python in verbose mode (note that if you\'re not passing args to the exec program, you don\'t need the quotes), and look for new or modified files with the `.py` extension.\n\n# Monitoring multiple directories\n\nBy default nodemon monitors the current working directory. If you want to take control of that option, use the `--watch` option to add specific paths:\n\n    nodemon --watch app --watch libs app/server.js\n\nNow nodemon will only restart if there are changes in the `./app` or `./libs` directory. By default nodemon will traverse sub-directories, so there\'s no need in explicitly including sub-directories.\n\n# Specifying extension watch list\n\nBy default, nodemon looks for files with the `.js` extension. If you use the `--exec` option and monitor `app.py` nodemon will monitor files with the extension of `.py`. However, you can specify your own list with the `-e` switch like so:\n\n    nodemon --ext \'.js|.css|.html\'\n    \nOr with alternative syntax:\n\n    nodemon -e js,css,html\n\nNow nodemon will restart on any changes to files in the directory (or subdirectories) with the extensions .js, .css or .html.\n\n# Delaying restarting\n\nIn some situations, you may want to wait until a number of files have changed. The timeout before checking for new file changes is 1 second. If you\'re uploading a number of files and it\'s taking some number of seconds, this could cause your app to restart multiple time unnecessarily.\n\nTo add an extra throttle, or delay restarting, use the `--delay` command:\n\n    nodemon --delay 10 server.js\n\nThe delay figure is number of seconds to delay before restarting. So nodemon will only restart your app the given number of seconds after the *last* file change.\n\n# Ignoring files\n\nBy default, if nodemon will only restart when a `.js` JavaScript file changes.  In some cases you will want to ignore some specific files, directories or file patterns, to prevent nodemon from prematurely restarting your application.\n\nYou can use the [example ignore file](http://github.com/remy/nodemon/blob/master/nodemonignore.example) (note that this example file is not hidden - you must rename it to `.nodemonignore`) as a basis for your nodemon, but it\'s very simple to create your own:\n\n    # this is my ignore file with a nice comment at the top\n    \n    /vendor/*     # ignore all external submodules\n    /public/*     # static files\n    ./README.md   # a specific file\n    *.css         # ignore any CSS files too\n    :(\\d)*\\.js    # monitor javascript files with only digits in their name\n\nThe ignore file accepts:\n\n* Comments starting with a `#` symbol\n* Blank lines\n* Specific files\n* File patterns (this is converted to a regex, so you have full control of the pattern)\n* Unescaped regex\'s begining with `:`.\n\n**Note** the `.nodemonignore` file is read from the directory you run nodemon from, *not* from the location of the node script you\'re running.\n\n# Controlling shutdown of your script\n\nnodemon sends a kill signal to your application when it sees a file update. If you need to clean up on shutdown inside your script you can capture the kill signal and handle it yourself.\n\nThe following example will listen once for the `SIGUSR2` signal (used by nodemon to restart), run the clean up process and then kill itself for nodemon to continue control:\n\n    process.once(\'SIGUSR2\', function () {\n      gracefulShutdown(function () {\n        process.kill(process.pid, \'SIGUSR2\'); \n      })\n    });\n\nNote that the `process.kill` is *only* called once your shutdown jobs are complete. Hat tip to [Benjie Gillam](http://www.benjiegillam.com/2011/08/node-js-clean-restart-and-faster-development-with-nodemon/) for writing technique this up.\n\n# Help! My changes aren\'t being detected!\n\nnodemon has three potential methods it uses to look for file changes. First, it polls using the find command to search for files modified within the last second. This method works on systems with a BSD based find (Mac, for example). \n\nNext it tries using node\'s `fs.watch`. `fs.watch` will not always work however, and nodemon will try and detect if this is the case by writing a file to the tmp directory and seeing if fs.watch is triggered when it\'s removed. If nodemon finds that fs.watch was not triggered, it will then fall back to the third method (called legacy watch), which works by statting each file in your working directory looking for changes to the last modified time. This is the most cpu intensive method, but it may be the only option on some systems.\n\nIn certain cases, like when where you are working on a different drive than your tmp directory is on, `fs.watch` may give you a false positive. You can force nodemon to start using the most compatible legacy method by passing the -L switch, e.g. `nodemon -L /my/odd/file.js`.\n\n# License\n\nMIT [http://rem.mit-license.org](http://rem.mit-license.org)\n',
101 silly resolved     readmeFilename: 'README.md',
101 silly resolved     _id: 'nodemon@0.7.6',
101 silly resolved     dist: { shasum: '89c05f2b32cf418f1e4e6b1e84614087af8ae79f' },
101 silly resolved     _from: 'nodemon@',
101 silly resolved     _resolved: 'https://registry.npmjs.org/nodemon/-/nodemon-0.7.6.tgz' } ]
102 info install nodemon@0.7.6 into /usr/local/lib
103 info installOne nodemon@0.7.6
104 verbose from cache /Users/edWAR6/.npm/nodemon/0.7.6/package/package.json
105 info /usr/local/lib/node_modules/nodemon unbuild
106 verbose read json /usr/local/lib/node_modules/nodemon/package.json
107 verbose tar unpack /Users/edWAR6/.npm/nodemon/0.7.6/package.tgz
108 silly lockFile 49f7ed19-r-local-lib-node-modules-nodemon /usr/local/lib/node_modules/nodemon
109 verbose lock /usr/local/lib/node_modules/nodemon /Users/edWAR6/.npm/49f7ed19-r-local-lib-node-modules-nodemon.lock
110 silly lockFile f0dcbee0-R6-npm-nodemon-0-7-6-package-tgz /Users/edWAR6/.npm/nodemon/0.7.6/package.tgz
111 verbose lock /Users/edWAR6/.npm/nodemon/0.7.6/package.tgz /Users/edWAR6/.npm/f0dcbee0-R6-npm-nodemon-0-7-6-package-tgz.lock
112 silly gunzTarPerm modes [ '755', '644' ]
113 error Error: EACCES, mkdir '/usr/local/lib/node_modules/nodemon'
113 error  { [Error: EACCES, mkdir '/usr/local/lib/node_modules/nodemon']
113 error   errno: 3,
113 error   code: 'EACCES',
113 error   path: '/usr/local/lib/node_modules/nodemon',
113 error   fstream_type: 'Directory',
113 error   fstream_path: '/usr/local/lib/node_modules/nodemon',
113 error   fstream_class: 'DirWriter',
113 error   fstream_stack:
113 error    [ '/usr/local/lib/node_modules/npm/node_modules/fstream/lib/dir-writer.js:36:23',
113 error      '/usr/local/lib/node_modules/npm/node_modules/mkdirp/index.js:37:53',
113 error      'Object.oncomplete (fs.js:107:15)' ] }
114 error Please try running this command again as root/Administrator.
115 error System Darwin 11.4.2
116 error command "node" "/usr/local/bin/npm" "install" "-g" "nodemon"
117 error cwd /Users/edWAR6/Personal/GamePoints/express_example
118 error node -v v0.10.2
119 error npm -v 1.2.15
120 error path /usr/local/lib/node_modules/nodemon
121 error fstream_path /usr/local/lib/node_modules/nodemon
122 error fstream_type Directory
123 error fstream_class DirWriter
124 error code EACCES
125 error errno 3
126 error stack Error: EACCES, mkdir '/usr/local/lib/node_modules/nodemon'
127 error fstream_stack /usr/local/lib/node_modules/npm/node_modules/fstream/lib/dir-writer.js:36:23
127 error fstream_stack /usr/local/lib/node_modules/npm/node_modules/mkdirp/index.js:37:53
127 error fstream_stack Object.oncomplete (fs.js:107:15)
128 verbose exit [ 3, true ]
